<?xml version="1.0" encoding="UTF-8"?>
<coverage generated="1626924839454" clover="3.2.0">
  <project timestamp="1626924839454" name="All files">
    <metrics statements="41" coveredstatements="37" conditionals="13" coveredconditionals="10" methods="18" coveredmethods="15" elements="72" coveredelements="62" complexity="0" loc="41" ncloc="41" packages="5" files="6" classes="6"/>
    <package name="src">
      <metrics statements="2" coveredstatements="2" conditionals="0" coveredconditionals="0" methods="1" coveredmethods="1"/>
      <file name="App.js" path="/Users/hai/Desktop/storefront/src/App.js">
        <metrics statements="2" coveredstatements="2" conditionals="0" coveredconditionals="0" methods="1" coveredmethods="1"/>
        <line num="8" count="1" type="stmt"/>
        <line num="9" count="1" type="stmt"/>
      </file>
      <file name="context.js" path="/Users/hai/Desktop/storefront/src/context.js">
        <metrics statements="0" coveredstatements="0" conditionals="0" coveredconditionals="0" methods="0" coveredmethods="0"/>
      </file>
    </package>
    <package name="src.category">
      <metrics statements="5" coveredstatements="4" conditionals="5" coveredconditionals="5" methods="3" coveredmethods="2"/>
      <file name="Category.js" path="/Users/hai/Desktop/storefront/src/category/Category.js">
        <metrics statements="5" coveredstatements="4" conditionals="5" coveredconditionals="5" methods="3" coveredmethods="2"/>
        <line num="9" count="2" type="stmt"/>
        <line num="13" count="8" type="stmt"/>
        <line num="15" count="7" type="stmt"/>
        <line num="27" count="10" type="stmt"/>
        <line num="32" count="0" type="stmt"/>
      </file>
    </package>
    <package name="src.components.HeroSection">
      <metrics statements="2" coveredstatements="2" conditionals="2" coveredconditionals="2" methods="1" coveredmethods="1"/>
      <file name="HeroHeader.js" path="/Users/hai/Desktop/storefront/src/components/HeroSection/HeroHeader.js">
        <metrics statements="2" coveredstatements="2" conditionals="2" coveredconditionals="2" methods="1" coveredmethods="1"/>
        <line num="8" count="3" type="stmt"/>
        <line num="9" count="9" type="stmt"/>
      </file>
    </package>
    <package name="src.components.NavBar">
      <metrics statements="8" coveredstatements="8" conditionals="2" coveredconditionals="1" methods="3" coveredmethods="3"/>
      <file name="NavBar.js" path="/Users/hai/Desktop/storefront/src/components/NavBar/NavBar.js">
        <metrics statements="8" coveredstatements="8" conditionals="2" coveredconditionals="1" methods="3" coveredmethods="3"/>
        <line num="10" count="2" type="stmt"/>
        <line num="14" count="8" type="stmt"/>
        <line num="15" count="8" type="stmt"/>
        <line num="16" count="8" type="stmt"/>
        <line num="17" count="1" type="stmt"/>
        <line num="20" count="8" type="cond" truecount="1" falsecount="1"/>
        <line num="21" count="6" type="stmt"/>
        <line num="24" count="8" type="stmt"/>
      </file>
    </package>
    <package name="src.provider.AppProvider">
      <metrics statements="24" coveredstatements="21" conditionals="4" coveredconditionals="2" methods="10" coveredmethods="8"/>
      <file name="App.provider.js" path="/Users/hai/Desktop/storefront/src/provider/AppProvider/App.provider.js">
        <metrics statements="24" coveredstatements="21" conditionals="4" coveredconditionals="2" methods="10" coveredmethods="8"/>
        <line num="12" count="2" type="stmt"/>
        <line num="19" count="2" type="stmt"/>
        <line num="21" count="2" type="stmt"/>
        <line num="22" count="26" type="stmt"/>
        <line num="24" count="25" type="cond" truecount="1" falsecount="1"/>
        <line num="25" count="0" type="stmt"/>
        <line num="28" count="25" type="stmt"/>
        <line num="31" count="2" type="stmt"/>
        <line num="32" count="2" type="stmt"/>
        <line num="33" count="1" type="stmt"/>
        <line num="34" count="1" type="cond" truecount="1" falsecount="1"/>
        <line num="36" count="2" type="stmt"/>
        <line num="38" count="2" type="stmt"/>
        <line num="39" count="1" type="stmt"/>
        <line num="40" count="1" type="stmt"/>
        <line num="48" count="0" type="stmt"/>
        <line num="52" count="2" type="stmt"/>
        <line num="53" count="1" type="stmt"/>
        <line num="54" count="1" type="stmt"/>
        <line num="55" count="7" type="stmt"/>
        <line num="57" count="0" type="stmt"/>
        <line num="62" count="2" type="stmt"/>
        <line num="63" count="2" type="stmt"/>
        <line num="66" count="2" type="stmt"/>
      </file>
    </package>
  </project>
</coverage>
