{"/Users/hai/Desktop/storefront/src/App.js": {"path":"/Users/hai/Desktop/storefront/src/App.js","statementMap":{"0":{"start":{"line":8,"column":12},"end":{"line":18,"column":1}},"1":{"start":{"line":9,"column":2},"end":{"line":17,"column":4}}},"fnMap":{"0":{"name":"(anonymous_0)","decl":{"start":{"line":8,"column":12},"end":{"line":8,"column":13}},"loc":{"start":{"line":8,"column":18},"end":{"line":18,"column":1}},"line":8}},"branchMap":{},"s":{"0":1,"1":1},"f":{"0":1},"b":{},"_coverageSchema":"1a1c01bbd47fc00a2c39e90264f33305004495a9","hash":"65ef247d7aef419503e48e6a31a7b3636693037a"}
,"/Users/hai/Desktop/storefront/src/context.js": {"path":"/Users/hai/Desktop/storefront/src/context.js","statementMap":{},"fnMap":{},"branchMap":{},"s":{},"f":{},"b":{}}
,"/Users/hai/Desktop/storefront/src/index.js": {"path":"/Users/hai/Desktop/storefront/src/index.js","statementMap":{"0":{"start":{"line":8,"column":0},"end":{"line":15,"column":2}}},"fnMap":{},"branchMap":{},"s":{"0":0},"f":{},"b":{}}
,"/Users/hai/Desktop/storefront/src/cart/Cart.js": {"path":"/Users/hai/Desktop/storefront/src/cart/Cart.js","statementMap":{"0":{"start":{"line":34,"column":13},"end":{"line":119,"column":1}},"1":{"start":{"line":38,"column":6},"end":{"line":38,"column":21}},"2":{"start":{"line":39,"column":16},"end":{"line":42,"column":3}},"3":{"start":{"line":40,"column":27},"end":{"line":40,"column":64}},"4":{"start":{"line":44,"column":2},"end":{"line":118,"column":4}},"5":{"start":{"line":62,"column":14},"end":{"line":96,"column":28}},"6":{"start":{"line":74,"column":37},"end":{"line":74,"column":72}},"7":{"start":{"line":79,"column":37},"end":{"line":79,"column":72}},"8":{"start":{"line":90,"column":35},"end":{"line":90,"column":58}}},"fnMap":{"0":{"name":"(anonymous_0)","decl":{"start":{"line":34,"column":13},"end":{"line":34,"column":14}},"loc":{"start":{"line":34,"column":19},"end":{"line":119,"column":1}},"line":34},"1":{"name":"(anonymous_1)","decl":{"start":{"line":40,"column":4},"end":{"line":40,"column":5}},"loc":{"start":{"line":40,"column":27},"end":{"line":40,"column":64}},"line":40},"2":{"name":"(anonymous_2)","decl":{"start":{"line":61,"column":21},"end":{"line":61,"column":22}},"loc":{"start":{"line":62,"column":14},"end":{"line":96,"column":28}},"line":62},"3":{"name":"(anonymous_3)","decl":{"start":{"line":74,"column":31},"end":{"line":74,"column":32}},"loc":{"start":{"line":74,"column":37},"end":{"line":74,"column":72}},"line":74},"4":{"name":"(anonymous_4)","decl":{"start":{"line":79,"column":31},"end":{"line":79,"column":32}},"loc":{"start":{"line":79,"column":37},"end":{"line":79,"column":72}},"line":79},"5":{"name":"(anonymous_5)","decl":{"start":{"line":90,"column":29},"end":{"line":90,"column":30}},"loc":{"start":{"line":90,"column":35},"end":{"line":90,"column":58}},"line":90}},"branchMap":{"0":{"loc":{"start":{"line":36,"column":13},"end":{"line":36,"column":22}},"type":"default-arg","locations":[{"start":{"line":36,"column":20},"end":{"line":36,"column":22}}],"line":36},"1":{"loc":{"start":{"line":60,"column":11},"end":{"line":97,"column":14}},"type":"binary-expr","locations":[{"start":{"line":60,"column":11},"end":{"line":60,"column":26}},{"start":{"line":61,"column":12},"end":{"line":97,"column":14}}],"line":60}},"s":{"0":1,"1":0,"2":0,"3":0,"4":0,"5":0,"6":0,"7":0,"8":0},"f":{"0":0,"1":0,"2":0,"3":0,"4":0,"5":0},"b":{"0":[0],"1":[0,0]},"_coverageSchema":"1a1c01bbd47fc00a2c39e90264f33305004495a9","hash":"2fb1415f624a6b10b512496625ec33f0aa849dbe"}
,"/Users/hai/Desktop/storefront/src/cart/styled.js": {"path":"/Users/hai/Desktop/storefront/src/cart/styled.js","statementMap":{"0":{"start":{"line":5,"column":23},"end":{"line":11,"column":1}},"1":{"start":{"line":12,"column":29},"end":{"line":33,"column":1}},"2":{"start":{"line":34,"column":24},"end":{"line":38,"column":1}},"3":{"start":{"line":39,"column":27},"end":{"line":42,"column":1}},"4":{"start":{"line":43,"column":24},"end":{"line":59,"column":1}},"5":{"start":{"line":60,"column":27},"end":{"line":81,"column":1}},"6":{"start":{"line":82,"column":32},"end":{"line":99,"column":1}},"7":{"start":{"line":100,"column":29},"end":{"line":111,"column":1}},"8":{"start":{"line":113,"column":33},"end":{"line":120,"column":1}},"9":{"start":{"line":121,"column":30},"end":{"line":124,"column":1}},"10":{"start":{"line":125,"column":31},"end":{"line":127,"column":1}},"11":{"start":{"line":128,"column":21},"end":{"line":132,"column":1}},"12":{"start":{"line":133,"column":21},"end":{"line":143,"column":1}},"13":{"start":{"line":144,"column":21},"end":{"line":149,"column":1}}},"fnMap":{},"branchMap":{},"s":{"0":1,"1":1,"2":1,"3":1,"4":1,"5":1,"6":1,"7":1,"8":1,"9":1,"10":1,"11":1,"12":1,"13":1},"f":{},"b":{},"_coverageSchema":"1a1c01bbd47fc00a2c39e90264f33305004495a9","hash":"c07d7e23c5d0a500e07b9d1686a7d91ceb701af2"}
,"/Users/hai/Desktop/storefront/src/category/Category.js": {"path":"/Users/hai/Desktop/storefront/src/category/Category.js","statementMap":{"0":{"start":{"line":9,"column":17},"end":{"line":44,"column":1}},"1":{"start":{"line":12,"column":6},"end":{"line":12,"column":21}},"2":{"start":{"line":14,"column":2},"end":{"line":43,"column":4}},"3":{"start":{"line":26,"column":16},"end":{"line":36,"column":18}}},"fnMap":{"0":{"name":"(anonymous_0)","decl":{"start":{"line":9,"column":17},"end":{"line":9,"column":18}},"loc":{"start":{"line":9,"column":23},"end":{"line":44,"column":1}},"line":9},"1":{"name":"(anonymous_1)","decl":{"start":{"line":25,"column":28},"end":{"line":25,"column":29}},"loc":{"start":{"line":25,"column":46},"end":{"line":37,"column":15}},"line":25}},"branchMap":{"0":{"loc":{"start":{"line":19,"column":9},"end":{"line":40,"column":9}},"type":"cond-expr","locations":[{"start":{"line":20,"column":10},"end":{"line":20,"column":28}},{"start":{"line":22,"column":10},"end":{"line":39,"column":11}}],"line":19},"1":{"loc":{"start":{"line":22,"column":10},"end":{"line":39,"column":11}},"type":"binary-expr","locations":[{"start":{"line":22,"column":10},"end":{"line":22,"column":18}},{"start":{"line":23,"column":10},"end":{"line":23,"column":29}},{"start":{"line":24,"column":12},"end":{"line":38,"column":38}}],"line":22}},"s":{"0":2,"1":7,"2":7,"3":10},"f":{"0":7,"1":10},"b":{"0":[1,6],"1":[6,6,5]},"_coverageSchema":"1a1c01bbd47fc00a2c39e90264f33305004495a9","hash":"864528931fb25c10130dae822fc1d93075d0b03c"}
,"/Users/hai/Desktop/storefront/src/category/styled.js": {"path":"/Users/hai/Desktop/storefront/src/category/styled.js","statementMap":{"0":{"start":{"line":5,"column":39},"end":{"line":29,"column":1}},"1":{"start":{"line":9,"column":29},"end":{"line":28,"column":3}}},"fnMap":{"0":{"name":"(anonymous_0)","decl":{"start":{"line":9,"column":4},"end":{"line":9,"column":5}},"loc":{"start":{"line":9,"column":29},"end":{"line":28,"column":3}},"line":9}},"branchMap":{},"s":{"0":2,"1":5},"f":{"0":5},"b":{},"_coverageSchema":"1a1c01bbd47fc00a2c39e90264f33305004495a9","hash":"8b21b4b00f03c630fa13fdb9f33a9df4b0574d2c"}
,"/Users/hai/Desktop/storefront/src/category/CategoryProduct/CategoryOverlay.js": {"path":"/Users/hai/Desktop/storefront/src/category/CategoryProduct/CategoryOverlay.js","statementMap":{"0":{"start":{"line":6,"column":24},"end":{"line":30,"column":1}},"1":{"start":{"line":9,"column":6},"end":{"line":9,"column":21}},"2":{"start":{"line":11,"column":2},"end":{"line":29,"column":4}},"3":{"start":{"line":17,"column":27},"end":{"line":17,"column":67}},"4":{"start":{"line":22,"column":27},"end":{"line":22,"column":70}}},"fnMap":{"0":{"name":"(anonymous_0)","decl":{"start":{"line":6,"column":24},"end":{"line":6,"column":25}},"loc":{"start":{"line":6,"column":60},"end":{"line":30,"column":1}},"line":6},"1":{"name":"(anonymous_1)","decl":{"start":{"line":17,"column":21},"end":{"line":17,"column":22}},"loc":{"start":{"line":17,"column":27},"end":{"line":17,"column":67}},"line":17},"2":{"name":"(anonymous_2)","decl":{"start":{"line":22,"column":21},"end":{"line":22,"column":22}},"loc":{"start":{"line":22,"column":27},"end":{"line":22,"column":70}},"line":22}},"branchMap":{"0":{"loc":{"start":{"line":13,"column":7},"end":{"line":27,"column":7}},"type":"binary-expr","locations":[{"start":{"line":13,"column":7},"end":{"line":13,"column":20}},{"start":{"line":14,"column":8},"end":{"line":26,"column":11}}],"line":13}},"s":{"0":2,"1":12,"2":12,"3":0,"4":1},"f":{"0":12,"1":0,"2":1},"b":{"0":[12,2]},"_coverageSchema":"1a1c01bbd47fc00a2c39e90264f33305004495a9","hash":"cb7cf3c3266fe140e7101d65092186cd59ded75e"}
,"/Users/hai/Desktop/storefront/src/category/CategoryProduct/CategoryProduct.js": {"path":"/Users/hai/Desktop/storefront/src/category/CategoryProduct/CategoryProduct.js","statementMap":{"0":{"start":{"line":9,"column":24},"end":{"line":35,"column":1}},"1":{"start":{"line":10,"column":54},"end":{"line":10,"column":59}},"2":{"start":{"line":12,"column":4},"end":{"line":12,"column":23}},"3":{"start":{"line":14,"column":2},"end":{"line":34,"column":4}}},"fnMap":{"0":{"name":"(anonymous_0)","decl":{"start":{"line":9,"column":24},"end":{"line":9,"column":25}},"loc":{"start":{"line":9,"column":35},"end":{"line":35,"column":1}},"line":9}},"branchMap":{},"s":{"0":2,"1":12,"2":12,"3":12},"f":{"0":12},"b":{},"_coverageSchema":"1a1c01bbd47fc00a2c39e90264f33305004495a9","hash":"db5ee0027e64ffafa652eefdeb81b20cd5085bc8"}
,"/Users/hai/Desktop/storefront/src/category/CategoryProduct/styled.js": {"path":"/Users/hai/Desktop/storefront/src/category/CategoryProduct/styled.js","statementMap":{"0":{"start":{"line":6,"column":25},"end":{"line":9,"column":1}},"1":{"start":{"line":10,"column":28},"end":{"line":15,"column":1}},"2":{"start":{"line":17,"column":21},"end":{"line":21,"column":1}},"3":{"start":{"line":22,"column":21},"end":{"line":26,"column":1}},"4":{"start":{"line":27,"column":21},"end":{"line":31,"column":1}},"5":{"start":{"line":32,"column":23},"end":{"line":48,"column":1}},"6":{"start":{"line":41,"column":40},"end":{"line":41,"column":76}},"7":{"start":{"line":46,"column":37},"end":{"line":46,"column":58}},"8":{"start":{"line":49,"column":15},"end":{"line":58,"column":1}},"9":{"start":{"line":59,"column":27},"end":{"line":73,"column":1}},"10":{"start":{"line":74,"column":25},"end":{"line":77,"column":1}}},"fnMap":{"0":{"name":"(anonymous_0)","decl":{"start":{"line":41,"column":16},"end":{"line":41,"column":17}},"loc":{"start":{"line":41,"column":40},"end":{"line":41,"column":76}},"line":41},"1":{"name":"(anonymous_1)","decl":{"start":{"line":46,"column":13},"end":{"line":46,"column":14}},"loc":{"start":{"line":46,"column":37},"end":{"line":46,"column":58}},"line":46}},"branchMap":{"0":{"loc":{"start":{"line":41,"column":40},"end":{"line":41,"column":76}},"type":"cond-expr","locations":[{"start":{"line":41,"column":56},"end":{"line":41,"column":65}},{"start":{"line":41,"column":68},"end":{"line":41,"column":76}}],"line":41},"1":{"loc":{"start":{"line":46,"column":37},"end":{"line":46,"column":58}},"type":"cond-expr","locations":[{"start":{"line":46,"column":53},"end":{"line":46,"column":54}},{"start":{"line":46,"column":57},"end":{"line":46,"column":58}}],"line":46}},"s":{"0":2,"1":2,"2":2,"3":2,"4":2,"5":2,"6":12,"7":12,"8":2,"9":2,"10":2},"f":{"0":12,"1":12},"b":{"0":[2,10],"1":[2,10]},"_coverageSchema":"1a1c01bbd47fc00a2c39e90264f33305004495a9","hash":"c5791911efa30319bc594068bbcda954e062ab00"}
,"/Users/hai/Desktop/storefront/src/components/HeroSection/HeroHeader.js": {"path":"/Users/hai/Desktop/storefront/src/components/HeroSection/HeroHeader.js","statementMap":{"0":{"start":{"line":8,"column":19},"end":{"line":19,"column":1}},"1":{"start":{"line":9,"column":2},"end":{"line":18,"column":4}}},"fnMap":{"0":{"name":"(anonymous_0)","decl":{"start":{"line":8,"column":19},"end":{"line":8,"column":20}},"loc":{"start":{"line":8,"column":30},"end":{"line":19,"column":1}},"line":8}},"branchMap":{"0":{"loc":{"start":{"line":15,"column":23},"end":{"line":15,"column":43}},"type":"binary-expr","locations":[{"start":{"line":15,"column":23},"end":{"line":15,"column":33}},{"start":{"line":15,"column":37},"end":{"line":15,"column":43}}],"line":15}},"s":{"0":3,"1":9},"f":{"0":9},"b":{"0":[9,1]},"_coverageSchema":"1a1c01bbd47fc00a2c39e90264f33305004495a9","hash":"849d69640a7cdf2eb3c49eab99e4eca013f215a8"}
,"/Users/hai/Desktop/storefront/src/components/HeroSection/HeroSection.js": {"path":"/Users/hai/Desktop/storefront/src/components/HeroSection/HeroSection.js","statementMap":{"0":{"start":{"line":4,"column":20},"end":{"line":10,"column":1}},"1":{"start":{"line":5,"column":2},"end":{"line":9,"column":4}}},"fnMap":{"0":{"name":"(anonymous_0)","decl":{"start":{"line":4,"column":20},"end":{"line":4,"column":21}},"loc":{"start":{"line":4,"column":26},"end":{"line":10,"column":1}},"line":4}},"branchMap":{},"s":{"0":2,"1":7},"f":{"0":7},"b":{},"_coverageSchema":"1a1c01bbd47fc00a2c39e90264f33305004495a9","hash":"b2828c3864094d9282c12a351707fe0313e9eea2"}
,"/Users/hai/Desktop/storefront/src/components/HeroSection/styled.js": {"path":"/Users/hai/Desktop/storefront/src/components/HeroSection/styled.js","statementMap":{"0":{"start":{"line":6,"column":33},"end":{"line":11,"column":1}},"1":{"start":{"line":12,"column":31},"end":{"line":21,"column":1}},"2":{"start":{"line":22,"column":32},"end":{"line":31,"column":1}},"3":{"start":{"line":32,"column":25},"end":{"line":37,"column":1}},"4":{"start":{"line":38,"column":28},"end":{"line":42,"column":1}}},"fnMap":{},"branchMap":{},"s":{"0":3,"1":3,"2":3,"3":3,"4":3},"f":{},"b":{},"_coverageSchema":"1a1c01bbd47fc00a2c39e90264f33305004495a9","hash":"a0dd1c63739b50de7c943c8767191ab21b11be5a"}
,"/Users/hai/Desktop/storefront/src/components/ImageContainer/index.js": {"path":"/Users/hai/Desktop/storefront/src/components/ImageContainer/index.js","statementMap":{"0":{"start":{"line":3,"column":30},"end":{"line":12,"column":1}},"1":{"start":{"line":4,"column":48},"end":{"line":4,"column":53}},"2":{"start":{"line":8,"column":27},"end":{"line":8,"column":47}},"3":{"start":{"line":10,"column":38},"end":{"line":10,"column":68}},"4":{"start":{"line":11,"column":40},"end":{"line":11,"column":72}}},"fnMap":{"0":{"name":"(anonymous_0)","decl":{"start":{"line":4,"column":33},"end":{"line":4,"column":34}},"loc":{"start":{"line":4,"column":48},"end":{"line":4,"column":53}},"line":4},"1":{"name":"(anonymous_1)","decl":{"start":{"line":8,"column":11},"end":{"line":8,"column":12}},"loc":{"start":{"line":8,"column":27},"end":{"line":8,"column":47}},"line":8},"2":{"name":"(anonymous_2)","decl":{"start":{"line":10,"column":17},"end":{"line":10,"column":18}},"loc":{"start":{"line":10,"column":38},"end":{"line":10,"column":68}},"line":10},"3":{"name":"(anonymous_3)","decl":{"start":{"line":11,"column":18},"end":{"line":11,"column":19}},"loc":{"start":{"line":11,"column":40},"end":{"line":11,"column":72}},"line":11}},"branchMap":{"0":{"loc":{"start":{"line":8,"column":27},"end":{"line":8,"column":47}},"type":"cond-expr","locations":[{"start":{"line":8,"column":35},"end":{"line":8,"column":40}},{"start":{"line":8,"column":43},"end":{"line":8,"column":47}}],"line":8},"1":{"loc":{"start":{"line":10,"column":38},"end":{"line":10,"column":68}},"type":"cond-expr","locations":[{"start":{"line":10,"column":51},"end":{"line":10,"column":61}},{"start":{"line":10,"column":64},"end":{"line":10,"column":68}}],"line":10},"2":{"loc":{"start":{"line":11,"column":40},"end":{"line":11,"column":72}},"type":"cond-expr","locations":[{"start":{"line":11,"column":54},"end":{"line":11,"column":65}},{"start":{"line":11,"column":68},"end":{"line":11,"column":72}}],"line":11}},"s":{"0":2,"1":13,"2":13,"3":13,"4":13},"f":{"0":13,"1":13,"2":13,"3":13},"b":{"0":[13,0],"1":[13,0],"2":[1,12]},"_coverageSchema":"1a1c01bbd47fc00a2c39e90264f33305004495a9","hash":"c50ed10bc9795d8e6f4402eabee8f0df301201e9"}
,"/Users/hai/Desktop/storefront/src/components/NavBar/NavBar.js": {"path":"/Users/hai/Desktop/storefront/src/components/NavBar/NavBar.js","statementMap":{"0":{"start":{"line":9,"column":18},"end":{"line":56,"column":1}},"1":{"start":{"line":13,"column":6},"end":{"line":13,"column":21}},"2":{"start":{"line":14,"column":38},"end":{"line":14,"column":53}},"3":{"start":{"line":15,"column":22},"end":{"line":17,"column":3}},"4":{"start":{"line":16,"column":4},"end":{"line":16,"column":31}},"5":{"start":{"line":19,"column":21},"end":{"line":21,"column":7}},"6":{"start":{"line":20,"column":37},"end":{"line":20,"column":57}},"7":{"start":{"line":23,"column":2},"end":{"line":55,"column":4}}},"fnMap":{"0":{"name":"(anonymous_0)","decl":{"start":{"line":9,"column":18},"end":{"line":9,"column":19}},"loc":{"start":{"line":9,"column":24},"end":{"line":56,"column":1}},"line":9},"1":{"name":"(anonymous_1)","decl":{"start":{"line":15,"column":22},"end":{"line":15,"column":23}},"loc":{"start":{"line":15,"column":28},"end":{"line":17,"column":3}},"line":15},"2":{"name":"(anonymous_2)","decl":{"start":{"line":20,"column":18},"end":{"line":20,"column":19}},"loc":{"start":{"line":20,"column":37},"end":{"line":20,"column":57}},"line":20}},"branchMap":{"0":{"loc":{"start":{"line":19,"column":21},"end":{"line":21,"column":7}},"type":"cond-expr","locations":[{"start":{"line":20,"column":6},"end":{"line":20,"column":62}},{"start":{"line":21,"column":6},"end":{"line":21,"column":7}}],"line":19}},"s":{"0":2,"1":8,"2":8,"3":8,"4":1,"5":8,"6":6,"7":8},"f":{"0":8,"1":1,"2":6},"b":{"0":[8,0]},"_coverageSchema":"1a1c01bbd47fc00a2c39e90264f33305004495a9","hash":"eb930ad57f79a4c8b3c07209539519f5e0df4aac"}
,"/Users/hai/Desktop/storefront/src/components/NavBar/styled.js": {"path":"/Users/hai/Desktop/storefront/src/components/NavBar/styled.js","statementMap":{"0":{"start":{"line":6,"column":25},"end":{"line":18,"column":1}},"1":{"start":{"line":20,"column":25},"end":{"line":46,"column":1}}},"fnMap":{},"branchMap":{},"s":{"0":2,"1":2},"f":{},"b":{},"_coverageSchema":"1a1c01bbd47fc00a2c39e90264f33305004495a9","hash":"43223b7d2cd7f56c4284636628c5eee397ed4b5e"}
,"/Users/hai/Desktop/storefront/src/components/NavBar/CartPopup/index.js": {"path":"/Users/hai/Desktop/storefront/src/components/NavBar/CartPopup/index.js","statementMap":{"0":{"start":{"line":18,"column":18},"end":{"line":76,"column":1}},"1":{"start":{"line":19,"column":19},"end":{"line":19,"column":27}},"2":{"start":{"line":20,"column":29},"end":{"line":24,"column":3}},"3":{"start":{"line":21,"column":4},"end":{"line":23,"column":5}},"4":{"start":{"line":22,"column":6},"end":{"line":22,"column":20}},"5":{"start":{"line":25,"column":16},"end":{"line":28,"column":3}},"6":{"start":{"line":26,"column":27},"end":{"line":26,"column":64}},"7":{"start":{"line":30,"column":2},"end":{"line":75,"column":4}},"8":{"start":{"line":37,"column":14},"end":{"line":58,"column":30}},"9":{"start":{"line":53,"column":33},"end":{"line":53,"column":56}}},"fnMap":{"0":{"name":"(anonymous_0)","decl":{"start":{"line":18,"column":18},"end":{"line":18,"column":19}},"loc":{"start":{"line":18,"column":79},"end":{"line":76,"column":1}},"line":18},"1":{"name":"(anonymous_1)","decl":{"start":{"line":20,"column":29},"end":{"line":20,"column":30}},"loc":{"start":{"line":20,"column":40},"end":{"line":24,"column":3}},"line":20},"2":{"name":"(anonymous_2)","decl":{"start":{"line":26,"column":4},"end":{"line":26,"column":5}},"loc":{"start":{"line":26,"column":27},"end":{"line":26,"column":64}},"line":26},"3":{"name":"(anonymous_3)","decl":{"start":{"line":36,"column":21},"end":{"line":36,"column":22}},"loc":{"start":{"line":37,"column":14},"end":{"line":58,"column":30}},"line":37},"4":{"name":"(anonymous_4)","decl":{"start":{"line":53,"column":27},"end":{"line":53,"column":28}},"loc":{"start":{"line":53,"column":33},"end":{"line":53,"column":56}},"line":53}},"branchMap":{"0":{"loc":{"start":{"line":18,"column":21},"end":{"line":18,"column":30}},"type":"default-arg","locations":[{"start":{"line":18,"column":28},"end":{"line":18,"column":30}}],"line":18},"1":{"loc":{"start":{"line":21,"column":4},"end":{"line":23,"column":5}},"type":"if","locations":[{"start":{"line":21,"column":4},"end":{"line":23,"column":5}},{"start":{"line":21,"column":4},"end":{"line":23,"column":5}}],"line":21},"2":{"loc":{"start":{"line":21,"column":8},"end":{"line":21,"column":67}},"type":"binary-expr","locations":[{"start":{"line":21,"column":8},"end":{"line":21,"column":24}},{"start":{"line":21,"column":28},"end":{"line":21,"column":67}}],"line":21},"3":{"loc":{"start":{"line":30,"column":9},"end":{"line":75,"column":3}},"type":"cond-expr","locations":[{"start":{"line":31,"column":4},"end":{"line":72,"column":14}},{"start":{"line":74,"column":4},"end":{"line":74,"column":9}}],"line":30},"4":{"loc":{"start":{"line":34,"column":11},"end":{"line":59,"column":14}},"type":"binary-expr","locations":[{"start":{"line":34,"column":11},"end":{"line":34,"column":15}},{"start":{"line":35,"column":12},"end":{"line":35,"column":27}},{"start":{"line":36,"column":12},"end":{"line":59,"column":14}}],"line":34}},"s":{"0":2,"1":8,"2":8,"3":1,"4":0,"5":8,"6":6,"7":8,"8":1,"9":1},"f":{"0":8,"1":1,"2":6,"3":1,"4":1},"b":{"0":[0],"1":[0,1],"2":[1,1],"3":[1,7],"4":[1,1,1]},"_coverageSchema":"1a1c01bbd47fc00a2c39e90264f33305004495a9","hash":"0f547ecfb147f6e4fa95b3f40a22af5525fd5bf1"}
,"/Users/hai/Desktop/storefront/src/components/NavBar/CartPopup/styled.js": {"path":"/Users/hai/Desktop/storefront/src/components/NavBar/CartPopup/styled.js","statementMap":{"0":{"start":{"line":5,"column":23},"end":{"line":13,"column":1}},"1":{"start":{"line":14,"column":25},"end":{"line":31,"column":1}},"2":{"start":{"line":32,"column":28},"end":{"line":40,"column":1}},"3":{"start":{"line":41,"column":31},"end":{"line":49,"column":1}},"4":{"start":{"line":50,"column":21},"end":{"line":59,"column":1}},"5":{"start":{"line":60,"column":27},"end":{"line":71,"column":1}},"6":{"start":{"line":72,"column":27},"end":{"line":79,"column":1}},"7":{"start":{"line":80,"column":29},"end":{"line":87,"column":1}},"8":{"start":{"line":88,"column":25},"end":{"line":95,"column":1}},"9":{"start":{"line":96,"column":29},"end":{"line":104,"column":1}},"10":{"start":{"line":105,"column":21},"end":{"line":109,"column":1}},"11":{"start":{"line":110,"column":21},"end":{"line":120,"column":1}},"12":{"start":{"line":121,"column":21},"end":{"line":126,"column":1}}},"fnMap":{},"branchMap":{},"s":{"0":2,"1":2,"2":2,"3":2,"4":2,"5":2,"6":2,"7":2,"8":2,"9":2,"10":2,"11":2,"12":2},"f":{},"b":{},"_coverageSchema":"1a1c01bbd47fc00a2c39e90264f33305004495a9","hash":"a60dcf15dcc2e5b93cf185a69ed0822c4f90f713"}
,"/Users/hai/Desktop/storefront/src/components/ProductInfoContainer/index.js": {"path":"/Users/hai/Desktop/storefront/src/components/ProductInfoContainer/index.js","statementMap":{"0":{"start":{"line":5,"column":18},"end":{"line":12,"column":1}},"1":{"start":{"line":14,"column":29},"end":{"line":16,"column":1}},"2":{"start":{"line":15,"column":2},"end":{"line":15,"column":43}}},"fnMap":{"0":{"name":"(anonymous_0)","decl":{"start":{"line":14,"column":29},"end":{"line":14,"column":30}},"loc":{"start":{"line":14,"column":47},"end":{"line":16,"column":1}},"line":14}},"branchMap":{},"s":{"0":2,"1":2,"2":12},"f":{"0":12},"b":{},"_coverageSchema":"1a1c01bbd47fc00a2c39e90264f33305004495a9","hash":"ec8878ec43dd9d2e43196d655ba6d9d7e4930658"}
,"/Users/hai/Desktop/storefront/src/components/layout/BaseSection/index.js": {"path":"/Users/hai/Desktop/storefront/src/components/layout/BaseSection/index.js","statementMap":{"0":{"start":{"line":3,"column":20},"end":{"line":9,"column":1}},"1":{"start":{"line":8,"column":40},"end":{"line":8,"column":67}}},"fnMap":{"0":{"name":"(anonymous_0)","decl":{"start":{"line":8,"column":22},"end":{"line":8,"column":23}},"loc":{"start":{"line":8,"column":40},"end":{"line":8,"column":67}},"line":8}},"branchMap":{"0":{"loc":{"start":{"line":8,"column":40},"end":{"line":8,"column":67}},"type":"cond-expr","locations":[{"start":{"line":8,"column":50},"end":{"line":8,"column":57}},{"start":{"line":8,"column":60},"end":{"line":8,"column":67}}],"line":8}},"s":{"0":3,"1":14},"f":{"0":14},"b":{"0":[0,14]},"_coverageSchema":"1a1c01bbd47fc00a2c39e90264f33305004495a9","hash":"924900fb159df66cc16f1b5897b6e02d8325318e"}
,"/Users/hai/Desktop/storefront/src/components/layout/constant/breakpoints.js": {"path":"/Users/hai/Desktop/storefront/src/components/layout/constant/breakpoints.js","statementMap":{},"fnMap":{},"branchMap":{},"s":{},"f":{},"b":{},"_coverageSchema":"1a1c01bbd47fc00a2c39e90264f33305004495a9","hash":"0113020eceb7141b25a058e9f0316910d899f602"}
,"/Users/hai/Desktop/storefront/src/components/layout/constant/colors.js": {"path":"/Users/hai/Desktop/storefront/src/components/layout/constant/colors.js","statementMap":{},"fnMap":{},"branchMap":{},"s":{},"f":{},"b":{},"_coverageSchema":"1a1c01bbd47fc00a2c39e90264f33305004495a9","hash":"2fabc8ed644345bb11ef6cabc5786c3eeb18e1d7"}
,"/Users/hai/Desktop/storefront/src/components/layout/constant/index.js": {"path":"/Users/hai/Desktop/storefront/src/components/layout/constant/index.js","statementMap":{},"fnMap":{},"branchMap":{},"s":{},"f":{},"b":{},"_coverageSchema":"1a1c01bbd47fc00a2c39e90264f33305004495a9","hash":"66c31782f58bc86a7347ad1856c5bf8c41e1fc84"}
,"/Users/hai/Desktop/storefront/src/components/layout/constant/size.js": {"path":"/Users/hai/Desktop/storefront/src/components/layout/constant/size.js","statementMap":{},"fnMap":{},"branchMap":{},"s":{},"f":{},"b":{},"_coverageSchema":"1a1c01bbd47fc00a2c39e90264f33305004495a9","hash":"ab3451e84f156acba44cfbe7c7e5cdc6d5b45207"}
,"/Users/hai/Desktop/storefront/src/hooks/useMouseOnOverLay.js": {"path":"/Users/hai/Desktop/storefront/src/hooks/useMouseOnOverLay.js","statementMap":{"0":{"start":{"line":3,"column":33},"end":{"line":12,"column":1}},"1":{"start":{"line":4,"column":44},"end":{"line":4,"column":59}},"2":{"start":{"line":5,"column":26},"end":{"line":7,"column":3}},"3":{"start":{"line":6,"column":4},"end":{"line":6,"column":27}},"4":{"start":{"line":8,"column":27},"end":{"line":10,"column":3}},"5":{"start":{"line":9,"column":4},"end":{"line":9,"column":28}},"6":{"start":{"line":11,"column":2},"end":{"line":11,"column":60}}},"fnMap":{"0":{"name":"(anonymous_0)","decl":{"start":{"line":3,"column":33},"end":{"line":3,"column":34}},"loc":{"start":{"line":3,"column":39},"end":{"line":12,"column":1}},"line":3},"1":{"name":"(anonymous_1)","decl":{"start":{"line":5,"column":26},"end":{"line":5,"column":27}},"loc":{"start":{"line":5,"column":32},"end":{"line":7,"column":3}},"line":5},"2":{"name":"(anonymous_2)","decl":{"start":{"line":8,"column":27},"end":{"line":8,"column":28}},"loc":{"start":{"line":8,"column":33},"end":{"line":10,"column":3}},"line":8}},"branchMap":{},"s":{"0":2,"1":12,"2":12,"3":2,"4":12,"5":0,"6":12},"f":{"0":12,"1":2,"2":0},"b":{},"_coverageSchema":"1a1c01bbd47fc00a2c39e90264f33305004495a9","hash":"9011ebabaf1be2f261ebe251690d29fa6e16a2b7"}
,"/Users/hai/Desktop/storefront/src/product/Product.js": {"path":"/Users/hai/Desktop/storefront/src/product/Product.js","statementMap":{"0":{"start":{"line":10,"column":16},"end":{"line":55,"column":1}},"1":{"start":{"line":11,"column":18},"end":{"line":11,"column":30}},"2":{"start":{"line":12,"column":17},"end":{"line":12,"column":28}},"3":{"start":{"line":16,"column":6},"end":{"line":16,"column":21}},"4":{"start":{"line":18,"column":28},"end":{"line":18,"column":39}},"5":{"start":{"line":20,"column":26},"end":{"line":22,"column":3}},"6":{"start":{"line":21,"column":4},"end":{"line":21,"column":46}},"7":{"start":{"line":21,"column":29},"end":{"line":21,"column":43}},"8":{"start":{"line":23,"column":26},"end":{"line":25,"column":3}},"9":{"start":{"line":24,"column":4},"end":{"line":24,"column":59}},"10":{"start":{"line":24,"column":42},"end":{"line":24,"column":56}},"11":{"start":{"line":27,"column":2},"end":{"line":29,"column":19}},"12":{"start":{"line":28,"column":4},"end":{"line":28,"column":51}},"13":{"start":{"line":31,"column":2},"end":{"line":54,"column":4}}},"fnMap":{"0":{"name":"(anonymous_0)","decl":{"start":{"line":10,"column":16},"end":{"line":10,"column":17}},"loc":{"start":{"line":10,"column":22},"end":{"line":55,"column":1}},"line":10},"1":{"name":"(anonymous_1)","decl":{"start":{"line":20,"column":26},"end":{"line":20,"column":27}},"loc":{"start":{"line":20,"column":32},"end":{"line":22,"column":3}},"line":20},"2":{"name":"(anonymous_2)","decl":{"start":{"line":21,"column":13},"end":{"line":21,"column":14}},"loc":{"start":{"line":21,"column":29},"end":{"line":21,"column":43}},"line":21},"3":{"name":"(anonymous_3)","decl":{"start":{"line":23,"column":26},"end":{"line":23,"column":27}},"loc":{"start":{"line":23,"column":32},"end":{"line":25,"column":3}},"line":23},"4":{"name":"(anonymous_4)","decl":{"start":{"line":24,"column":26},"end":{"line":24,"column":27}},"loc":{"start":{"line":24,"column":42},"end":{"line":24,"column":56}},"line":24},"5":{"name":"(anonymous_5)","decl":{"start":{"line":27,"column":12},"end":{"line":27,"column":13}},"loc":{"start":{"line":27,"column":18},"end":{"line":29,"column":3}},"line":27}},"branchMap":{"0":{"loc":{"start":{"line":24,"column":4},"end":{"line":24,"column":58}},"type":"binary-expr","locations":[{"start":{"line":24,"column":4},"end":{"line":24,"column":13}},{"start":{"line":24,"column":17},"end":{"line":24,"column":58}}],"line":24},"1":{"loc":{"start":{"line":28,"column":4},"end":{"line":28,"column":50}},"type":"binary-expr","locations":[{"start":{"line":28,"column":4},"end":{"line":28,"column":29}},{"start":{"line":28,"column":33},"end":{"line":28,"column":50}}],"line":28},"2":{"loc":{"start":{"line":38,"column":9},"end":{"line":51,"column":9}},"type":"binary-expr","locations":[{"start":{"line":38,"column":9},"end":{"line":38,"column":16}},{"start":{"line":39,"column":10},"end":{"line":50,"column":29}}],"line":38}},"s":{"0":1,"1":0,"2":0,"3":0,"4":0,"5":0,"6":0,"7":0,"8":0,"9":0,"10":0,"11":0,"12":0,"13":0},"f":{"0":0,"1":0,"2":0,"3":0,"4":0,"5":0},"b":{"0":[0,0],"1":[0,0],"2":[0,0]},"_coverageSchema":"1a1c01bbd47fc00a2c39e90264f33305004495a9","hash":"918d6346404897518f42f4578b9cb2674f0100d6"}
,"/Users/hai/Desktop/storefront/src/product/styled.js": {"path":"/Users/hai/Desktop/storefront/src/product/styled.js","statementMap":{"0":{"start":{"line":5,"column":32},"end":{"line":36,"column":1}},"1":{"start":{"line":37,"column":30},"end":{"line":44,"column":1}},"2":{"start":{"line":45,"column":21},"end":{"line":57,"column":1}},"3":{"start":{"line":49,"column":48},"end":{"line":49,"column":53}}},"fnMap":{"0":{"name":"(anonymous_0)","decl":{"start":{"line":49,"column":33},"end":{"line":49,"column":34}},"loc":{"start":{"line":49,"column":48},"end":{"line":49,"column":53}},"line":49}},"branchMap":{},"s":{"0":1,"1":1,"2":1,"3":0},"f":{"0":0},"b":{},"_coverageSchema":"1a1c01bbd47fc00a2c39e90264f33305004495a9","hash":"de18dc943a2ff031667c3cc28838de4b1aab5002"}
,"/Users/hai/Desktop/storefront/src/product/BreadCrumb/index.js": {"path":"/Users/hai/Desktop/storefront/src/product/BreadCrumb/index.js","statementMap":{"0":{"start":{"line":5,"column":19},"end":{"line":13,"column":1}},"1":{"start":{"line":6,"column":2},"end":{"line":12,"column":4}}},"fnMap":{"0":{"name":"(anonymous_0)","decl":{"start":{"line":5,"column":19},"end":{"line":5,"column":20}},"loc":{"start":{"line":5,"column":34},"end":{"line":13,"column":1}},"line":5}},"branchMap":{},"s":{"0":1,"1":0},"f":{"0":0},"b":{},"_coverageSchema":"1a1c01bbd47fc00a2c39e90264f33305004495a9","hash":"c8a8783557a113ac0116cab65220b3fbf31835a8"}
,"/Users/hai/Desktop/storefront/src/product/BreadCrumb/styled.js": {"path":"/Users/hai/Desktop/storefront/src/product/BreadCrumb/styled.js","statementMap":{"0":{"start":{"line":5,"column":25},"end":{"line":14,"column":1}},"1":{"start":{"line":15,"column":21},"end":{"line":17,"column":1}}},"fnMap":{},"branchMap":{},"s":{"0":1,"1":1},"f":{},"b":{},"_coverageSchema":"1a1c01bbd47fc00a2c39e90264f33305004495a9","hash":"4eb865db6d03c7cdbdad778f0ce6c0d9391c2392"}
,"/Users/hai/Desktop/storefront/src/product/ProductDetails/index.js": {"path":"/Users/hai/Desktop/storefront/src/product/ProductDetails/index.js","statementMap":{"0":{"start":{"line":19,"column":23},"end":{"line":45,"column":1}},"1":{"start":{"line":20,"column":68},"end":{"line":20,"column":73}},"2":{"start":{"line":21,"column":47},"end":{"line":21,"column":54}},"3":{"start":{"line":22,"column":2},"end":{"line":44,"column":4}},"4":{"start":{"line":39,"column":37},"end":{"line":39,"column":71}}},"fnMap":{"0":{"name":"(anonymous_0)","decl":{"start":{"line":19,"column":23},"end":{"line":19,"column":24}},"loc":{"start":{"line":19,"column":34},"end":{"line":45,"column":1}},"line":19},"1":{"name":"(anonymous_1)","decl":{"start":{"line":39,"column":31},"end":{"line":39,"column":32}},"loc":{"start":{"line":39,"column":37},"end":{"line":39,"column":71}},"line":39}},"branchMap":{},"s":{"0":1,"1":0,"2":0,"3":0,"4":0},"f":{"0":0,"1":0},"b":{},"_coverageSchema":"1a1c01bbd47fc00a2c39e90264f33305004495a9","hash":"d5ebca53dc1de63c60a8a139b5b489e08f03341f"}
,"/Users/hai/Desktop/storefront/src/product/ProductDetails/styled.js": {"path":"/Users/hai/Desktop/storefront/src/product/ProductDetails/styled.js","statementMap":{"0":{"start":{"line":5,"column":25},"end":{"line":11,"column":1}},"1":{"start":{"line":12,"column":21},"end":{"line":16,"column":1}},"2":{"start":{"line":17,"column":21},"end":{"line":27,"column":1}},"3":{"start":{"line":28,"column":21},"end":{"line":33,"column":1}},"4":{"start":{"line":35,"column":27},"end":{"line":40,"column":1}},"5":{"start":{"line":42,"column":31},"end":{"line":52,"column":1}},"6":{"start":{"line":53,"column":24},"end":{"line":61,"column":1}},"7":{"start":{"line":62,"column":27},"end":{"line":71,"column":1}},"8":{"start":{"line":72,"column":28},"end":{"line":79,"column":1}},"9":{"start":{"line":80,"column":28},"end":{"line":87,"column":1}},"10":{"start":{"line":88,"column":28},"end":{"line":94,"column":1}}},"fnMap":{},"branchMap":{},"s":{"0":1,"1":1,"2":1,"3":1,"4":1,"5":1,"6":1,"7":1,"8":1,"9":1,"10":1},"f":{},"b":{},"_coverageSchema":"1a1c01bbd47fc00a2c39e90264f33305004495a9","hash":"da129c2cc0322056716be2b33590ab0154672c36"}
,"/Users/hai/Desktop/storefront/src/provider/AppProvider/App.actions.js": {"path":"/Users/hai/Desktop/storefront/src/provider/AppProvider/App.actions.js","statementMap":{"0":{"start":{"line":1,"column":22},"end":{"line":1,"column":79}},"1":{"start":{"line":1,"column":28},"end":{"line":1,"column":79}},"2":{"start":{"line":1,"column":42},"end":{"line":1,"column":79}},"3":{"start":{"line":3,"column":20},"end":{"line":4,"column":59}},"4":{"start":{"line":3,"column":34},"end":{"line":4,"column":59}},"5":{"start":{"line":4,"column":2},"end":{"line":4,"column":59}},"6":{"start":{"line":5,"column":25},"end":{"line":6,"column":57}},"7":{"start":{"line":5,"column":38},"end":{"line":6,"column":57}},"8":{"start":{"line":6,"column":2},"end":{"line":6,"column":57}},"9":{"start":{"line":7,"column":18},"end":{"line":8,"column":57}},"10":{"start":{"line":7,"column":31},"end":{"line":8,"column":57}},"11":{"start":{"line":8,"column":2},"end":{"line":8,"column":57}},"12":{"start":{"line":9,"column":23},"end":{"line":10,"column":64}},"13":{"start":{"line":9,"column":38},"end":{"line":10,"column":64}},"14":{"start":{"line":10,"column":2},"end":{"line":10,"column":64}},"15":{"start":{"line":12,"column":23},"end":{"line":16,"column":4}},"16":{"start":{"line":12,"column":52},"end":{"line":16,"column":4}},"17":{"start":{"line":13,"column":2},"end":{"line":16,"column":4}},"18":{"start":{"line":17,"column":23},"end":{"line":21,"column":4}},"19":{"start":{"line":17,"column":52},"end":{"line":21,"column":4}},"20":{"start":{"line":18,"column":2},"end":{"line":21,"column":4}},"21":{"start":{"line":23,"column":16},"end":{"line":31,"column":1}}},"fnMap":{"0":{"name":"(anonymous_0)","decl":{"start":{"line":1,"column":22},"end":{"line":1,"column":23}},"loc":{"start":{"line":1,"column":28},"end":{"line":1,"column":79}},"line":1},"1":{"name":"(anonymous_1)","decl":{"start":{"line":1,"column":28},"end":{"line":1,"column":29}},"loc":{"start":{"line":1,"column":42},"end":{"line":1,"column":79}},"line":1},"2":{"name":"(anonymous_2)","decl":{"start":{"line":3,"column":20},"end":{"line":3,"column":21}},"loc":{"start":{"line":3,"column":34},"end":{"line":4,"column":59}},"line":3},"3":{"name":"(anonymous_3)","decl":{"start":{"line":3,"column":34},"end":{"line":3,"column":35}},"loc":{"start":{"line":4,"column":2},"end":{"line":4,"column":59}},"line":4},"4":{"name":"(anonymous_4)","decl":{"start":{"line":5,"column":25},"end":{"line":5,"column":26}},"loc":{"start":{"line":5,"column":38},"end":{"line":6,"column":57}},"line":5},"5":{"name":"(anonymous_5)","decl":{"start":{"line":5,"column":38},"end":{"line":5,"column":39}},"loc":{"start":{"line":6,"column":2},"end":{"line":6,"column":57}},"line":6},"6":{"name":"(anonymous_6)","decl":{"start":{"line":7,"column":18},"end":{"line":7,"column":19}},"loc":{"start":{"line":7,"column":31},"end":{"line":8,"column":57}},"line":7},"7":{"name":"(anonymous_7)","decl":{"start":{"line":7,"column":31},"end":{"line":7,"column":32}},"loc":{"start":{"line":8,"column":2},"end":{"line":8,"column":57}},"line":8},"8":{"name":"(anonymous_8)","decl":{"start":{"line":9,"column":23},"end":{"line":9,"column":24}},"loc":{"start":{"line":9,"column":38},"end":{"line":10,"column":64}},"line":9},"9":{"name":"(anonymous_9)","decl":{"start":{"line":9,"column":38},"end":{"line":9,"column":39}},"loc":{"start":{"line":10,"column":2},"end":{"line":10,"column":64}},"line":10},"10":{"name":"(anonymous_10)","decl":{"start":{"line":12,"column":23},"end":{"line":12,"column":24}},"loc":{"start":{"line":12,"column":52},"end":{"line":16,"column":4}},"line":12},"11":{"name":"(anonymous_11)","decl":{"start":{"line":12,"column":52},"end":{"line":12,"column":53}},"loc":{"start":{"line":13,"column":2},"end":{"line":16,"column":4}},"line":13},"12":{"name":"(anonymous_12)","decl":{"start":{"line":17,"column":23},"end":{"line":17,"column":24}},"loc":{"start":{"line":17,"column":52},"end":{"line":21,"column":4}},"line":17},"13":{"name":"(anonymous_13)","decl":{"start":{"line":17,"column":52},"end":{"line":17,"column":53}},"loc":{"start":{"line":18,"column":2},"end":{"line":21,"column":4}},"line":18}},"branchMap":{},"s":{"0":2,"1":1,"2":1,"3":2,"4":0,"5":0,"6":2,"7":0,"8":0,"9":2,"10":0,"11":0,"12":2,"13":0,"14":0,"15":2,"16":0,"17":0,"18":2,"19":0,"20":0,"21":2},"f":{"0":1,"1":1,"2":0,"3":0,"4":0,"5":0,"6":0,"7":0,"8":0,"9":0,"10":0,"11":0,"12":0,"13":0},"b":{},"_coverageSchema":"1a1c01bbd47fc00a2c39e90264f33305004495a9","hash":"9a18b80e613db0ce8493a9dc04d19c744519c820"}
,"/Users/hai/Desktop/storefront/src/provider/AppProvider/App.provider.js": {"path":"/Users/hai/Desktop/storefront/src/provider/AppProvider/App.provider.js","statementMap":{"0":{"start":{"line":12,"column":21},"end":{"line":17,"column":1}},"1":{"start":{"line":19,"column":19},"end":{"line":19,"column":34}},"2":{"start":{"line":21,"column":22},"end":{"line":29,"column":1}},"3":{"start":{"line":22,"column":18},"end":{"line":22,"column":40}},"4":{"start":{"line":24,"column":2},"end":{"line":26,"column":3}},"5":{"start":{"line":25,"column":4},"end":{"line":25,"column":71}},"6":{"start":{"line":28,"column":2},"end":{"line":28,"column":17}},"7":{"start":{"line":31,"column":20},"end":{"line":71,"column":1}},"8":{"start":{"line":32,"column":28},"end":{"line":35,"column":4}},"9":{"start":{"line":33,"column":17},"end":{"line":33,"column":45}},"10":{"start":{"line":34,"column":4},"end":{"line":34,"column":50}},"11":{"start":{"line":36,"column":48},"end":{"line":36,"column":65}},"12":{"start":{"line":38,"column":24},"end":{"line":50,"column":3}},"13":{"start":{"line":39,"column":4},"end":{"line":39,"column":38}},"14":{"start":{"line":40,"column":4},"end":{"line":49,"column":9}},"15":{"start":{"line":48,"column":8},"end":{"line":48,"column":53}},"16":{"start":{"line":52,"column":2},"end":{"line":60,"column":9}},"17":{"start":{"line":53,"column":4},"end":{"line":53,"column":20}},"18":{"start":{"line":54,"column":4},"end":{"line":59,"column":6}},"19":{"start":{"line":55,"column":6},"end":{"line":58,"column":9}},"20":{"start":{"line":55,"column":36},"end":{"line":58,"column":7}},"21":{"start":{"line":57,"column":28},"end":{"line":57,"column":59}},"22":{"start":{"line":62,"column":2},"end":{"line":64,"column":14}},"23":{"start":{"line":63,"column":4},"end":{"line":63,"column":56}},"24":{"start":{"line":66,"column":2},"end":{"line":70,"column":4}}},"fnMap":{"0":{"name":"(anonymous_0)","decl":{"start":{"line":21,"column":22},"end":{"line":21,"column":23}},"loc":{"start":{"line":21,"column":28},"end":{"line":29,"column":1}},"line":21},"1":{"name":"(anonymous_1)","decl":{"start":{"line":31,"column":20},"end":{"line":31,"column":21}},"loc":{"start":{"line":31,"column":31},"end":{"line":71,"column":1}},"line":31},"2":{"name":"(anonymous_2)","decl":{"start":{"line":32,"column":52},"end":{"line":32,"column":53}},"loc":{"start":{"line":32,"column":58},"end":{"line":35,"column":3}},"line":32},"3":{"name":"(anonymous_3)","decl":{"start":{"line":38,"column":24},"end":{"line":38,"column":25}},"loc":{"start":{"line":38,"column":30},"end":{"line":50,"column":3}},"line":38},"4":{"name":"(anonymous_4)","decl":{"start":{"line":47,"column":12},"end":{"line":47,"column":13}},"loc":{"start":{"line":47,"column":26},"end":{"line":49,"column":7}},"line":47},"5":{"name":"(anonymous_5)","decl":{"start":{"line":52,"column":12},"end":{"line":52,"column":13}},"loc":{"start":{"line":52,"column":18},"end":{"line":60,"column":3}},"line":52},"6":{"name":"(anonymous_6)","decl":{"start":{"line":54,"column":33},"end":{"line":54,"column":34}},"loc":{"start":{"line":55,"column":6},"end":{"line":58,"column":9}},"line":55},"7":{"name":"(anonymous_7)","decl":{"start":{"line":55,"column":25},"end":{"line":55,"column":26}},"loc":{"start":{"line":55,"column":36},"end":{"line":58,"column":7}},"line":55},"8":{"name":"(anonymous_8)","decl":{"start":{"line":57,"column":15},"end":{"line":57,"column":16}},"loc":{"start":{"line":57,"column":28},"end":{"line":57,"column":59}},"line":57},"9":{"name":"(anonymous_9)","decl":{"start":{"line":62,"column":12},"end":{"line":62,"column":13}},"loc":{"start":{"line":62,"column":18},"end":{"line":64,"column":3}},"line":62}},"branchMap":{"0":{"loc":{"start":{"line":24,"column":2},"end":{"line":26,"column":3}},"type":"if","locations":[{"start":{"line":24,"column":2},"end":{"line":26,"column":3}},{"start":{"line":24,"column":2},"end":{"line":26,"column":3}}],"line":24},"1":{"loc":{"start":{"line":34,"column":11},"end":{"line":34,"column":49}},"type":"cond-expr","locations":[{"start":{"line":34,"column":18},"end":{"line":34,"column":34}},{"start":{"line":34,"column":37},"end":{"line":34,"column":49}}],"line":34}},"s":{"0":2,"1":2,"2":2,"3":27,"4":27,"5":0,"6":27,"7":2,"8":2,"9":1,"10":1,"11":2,"12":2,"13":1,"14":1,"15":0,"16":2,"17":1,"18":1,"19":7,"20":7,"21":0,"22":2,"23":2,"24":2},"f":{"0":27,"1":2,"2":1,"3":1,"4":0,"5":1,"6":7,"7":7,"8":0,"9":2},"b":{"0":[0,27],"1":[0,1]},"_coverageSchema":"1a1c01bbd47fc00a2c39e90264f33305004495a9","hash":"887ed2f20a3bc0bc5427b6814e4d496f26c3ec71"}
,"/Users/hai/Desktop/storefront/src/provider/AppProvider/App.reducer.js": {"path":"/Users/hai/Desktop/storefront/src/provider/AppProvider/App.reducer.js","statementMap":{"0":{"start":{"line":1,"column":16},"end":{"line":63,"column":1}},"1":{"start":{"line":2,"column":28},"end":{"line":2,"column":34}},"2":{"start":{"line":3,"column":2},"end":{"line":3,"column":22}},"3":{"start":{"line":4,"column":2},"end":{"line":62,"column":3}},"4":{"start":{"line":6,"column":6},"end":{"line":6,"column":43}},"5":{"start":{"line":9,"column":6},"end":{"line":9,"column":63}},"6":{"start":{"line":12,"column":6},"end":{"line":12,"column":59}},"7":{"start":{"line":15,"column":6},"end":{"line":15,"column":44}},"8":{"start":{"line":18,"column":24},"end":{"line":18,"column":39}},"9":{"start":{"line":19,"column":27},"end":{"line":21,"column":7}},"10":{"start":{"line":20,"column":21},"end":{"line":20,"column":46}},"11":{"start":{"line":22,"column":6},"end":{"line":30,"column":7}},"12":{"start":{"line":23,"column":24},"end":{"line":26,"column":9}},"13":{"start":{"line":27,"column":8},"end":{"line":27,"column":44}},"14":{"start":{"line":29,"column":8},"end":{"line":29,"column":34}},"15":{"start":{"line":31,"column":6},"end":{"line":31,"column":45}},"16":{"start":{"line":34,"column":26},"end":{"line":36,"column":7}},"17":{"start":{"line":35,"column":21},"end":{"line":35,"column":43}},"18":{"start":{"line":37,"column":6},"end":{"line":37,"column":45}},"19":{"start":{"line":40,"column":26},"end":{"line":40,"column":41}},"20":{"start":{"line":41,"column":27},"end":{"line":43,"column":7}},"21":{"start":{"line":42,"column":21},"end":{"line":42,"column":46}},"22":{"start":{"line":45,"column":6},"end":{"line":45,"column":43}},"23":{"start":{"line":47,"column":6},"end":{"line":47,"column":45}},"24":{"start":{"line":50,"column":26},"end":{"line":50,"column":41}},"25":{"start":{"line":51,"column":27},"end":{"line":53,"column":7}},"26":{"start":{"line":52,"column":21},"end":{"line":52,"column":46}},"27":{"start":{"line":55,"column":6},"end":{"line":55,"column":43}},"28":{"start":{"line":57,"column":6},"end":{"line":57,"column":45}},"29":{"start":{"line":60,"column":6},"end":{"line":60,"column":26}}},"fnMap":{"0":{"name":"(anonymous_0)","decl":{"start":{"line":1,"column":16},"end":{"line":1,"column":17}},"loc":{"start":{"line":1,"column":35},"end":{"line":63,"column":1}},"line":1},"1":{"name":"(anonymous_1)","decl":{"start":{"line":20,"column":8},"end":{"line":20,"column":9}},"loc":{"start":{"line":20,"column":21},"end":{"line":20,"column":46}},"line":20},"2":{"name":"(anonymous_2)","decl":{"start":{"line":35,"column":8},"end":{"line":35,"column":9}},"loc":{"start":{"line":35,"column":21},"end":{"line":35,"column":43}},"line":35},"3":{"name":"(anonymous_3)","decl":{"start":{"line":42,"column":8},"end":{"line":42,"column":9}},"loc":{"start":{"line":42,"column":21},"end":{"line":42,"column":46}},"line":42},"4":{"name":"(anonymous_4)","decl":{"start":{"line":52,"column":8},"end":{"line":52,"column":9}},"loc":{"start":{"line":52,"column":21},"end":{"line":52,"column":46}},"line":52}},"branchMap":{"0":{"loc":{"start":{"line":4,"column":2},"end":{"line":62,"column":3}},"type":"switch","locations":[{"start":{"line":5,"column":4},"end":{"line":7,"column":5}},{"start":{"line":8,"column":4},"end":{"line":10,"column":5}},{"start":{"line":11,"column":4},"end":{"line":13,"column":5}},{"start":{"line":14,"column":4},"end":{"line":16,"column":5}},{"start":{"line":17,"column":4},"end":{"line":32,"column":5}},{"start":{"line":33,"column":4},"end":{"line":38,"column":5}},{"start":{"line":39,"column":4},"end":{"line":48,"column":5}},{"start":{"line":49,"column":4},"end":{"line":58,"column":5}},{"start":{"line":59,"column":4},"end":{"line":61,"column":5}}],"line":4},"1":{"loc":{"start":{"line":22,"column":6},"end":{"line":30,"column":7}},"type":"if","locations":[{"start":{"line":22,"column":6},"end":{"line":30,"column":7}},{"start":{"line":22,"column":6},"end":{"line":30,"column":7}}],"line":22}},"s":{"0":2,"1":1,"2":1,"3":1,"4":1,"5":0,"6":0,"7":0,"8":0,"9":0,"10":0,"11":0,"12":0,"13":0,"14":0,"15":0,"16":0,"17":0,"18":0,"19":0,"20":0,"21":0,"22":0,"23":0,"24":0,"25":0,"26":0,"27":0,"28":0,"29":0},"f":{"0":1,"1":0,"2":0,"3":0,"4":0},"b":{"0":[1,0,0,0,0,0,0,0,0],"1":[0,0]},"_coverageSchema":"1a1c01bbd47fc00a2c39e90264f33305004495a9","hash":"a295ab6ef00b5e84a059b79921be78533c12f3c0"}
}
