{"/Users/hai/Desktop/storefront/src/App.js": {"path":"/Users/hai/Desktop/storefront/src/App.js","statementMap":{"0":{"start":{"line":8,"column":12},"end":{"line":18,"column":1}},"1":{"start":{"line":9,"column":2},"end":{"line":17,"column":4}}},"fnMap":{"0":{"name":"(anonymous_0)","decl":{"start":{"line":8,"column":12},"end":{"line":8,"column":13}},"loc":{"start":{"line":8,"column":18},"end":{"line":18,"column":1}},"line":8}},"branchMap":{},"s":{"0":1,"1":1},"f":{"0":1},"b":{},"_coverageSchema":"1a1c01bbd47fc00a2c39e90264f33305004495a9","hash":"65ef247d7aef419503e48e6a31a7b3636693037a"}
,"/Users/hai/Desktop/storefront/src/context.js": {"path":"/Users/hai/Desktop/storefront/src/context.js","statementMap":{},"fnMap":{},"branchMap":{},"s":{},"f":{},"b":{}}
,"/Users/hai/Desktop/storefront/src/category/Category.js": {"path":"/Users/hai/Desktop/storefront/src/category/Category.js","statementMap":{"0":{"start":{"line":9,"column":17},"end":{"line":53,"column":1}},"1":{"start":{"line":13,"column":6},"end":{"line":13,"column":21}},"2":{"start":{"line":15,"column":2},"end":{"line":52,"column":4}},"3":{"start":{"line":27,"column":16},"end":{"line":45,"column":18}},"4":{"start":{"line":32,"column":22},"end":{"line":32,"column":67}}},"fnMap":{"0":{"name":"(anonymous_0)","decl":{"start":{"line":9,"column":17},"end":{"line":9,"column":18}},"loc":{"start":{"line":9,"column":23},"end":{"line":53,"column":1}},"line":9},"1":{"name":"(anonymous_1)","decl":{"start":{"line":26,"column":28},"end":{"line":26,"column":29}},"loc":{"start":{"line":26,"column":46},"end":{"line":46,"column":15}},"line":26},"2":{"name":"(anonymous_2)","decl":{"start":{"line":31,"column":29},"end":{"line":31,"column":30}},"loc":{"start":{"line":32,"column":22},"end":{"line":32,"column":67}},"line":32}},"branchMap":{"0":{"loc":{"start":{"line":20,"column":9},"end":{"line":49,"column":9}},"type":"cond-expr","locations":[{"start":{"line":21,"column":10},"end":{"line":21,"column":28}},{"start":{"line":23,"column":10},"end":{"line":48,"column":11}}],"line":20},"1":{"loc":{"start":{"line":23,"column":10},"end":{"line":48,"column":11}},"type":"binary-expr","locations":[{"start":{"line":23,"column":10},"end":{"line":23,"column":18}},{"start":{"line":24,"column":10},"end":{"line":24,"column":29}},{"start":{"line":25,"column":12},"end":{"line":47,"column":38}}],"line":23}},"s":{"0":2,"1":8,"2":7,"3":10,"4":0},"f":{"0":8,"1":10,"2":0},"b":{"0":[1,6],"1":[6,6,5]},"_coverageSchema":"1a1c01bbd47fc00a2c39e90264f33305004495a9","hash":"78d285fc11739a36cfeda798cea5bda9c56423ad"}
,"/Users/hai/Desktop/storefront/src/components/HeroSection/HeroHeader.js": {"path":"/Users/hai/Desktop/storefront/src/components/HeroSection/HeroHeader.js","statementMap":{"0":{"start":{"line":8,"column":19},"end":{"line":19,"column":1}},"1":{"start":{"line":9,"column":2},"end":{"line":18,"column":4}}},"fnMap":{"0":{"name":"(anonymous_0)","decl":{"start":{"line":8,"column":19},"end":{"line":8,"column":20}},"loc":{"start":{"line":8,"column":30},"end":{"line":19,"column":1}},"line":8}},"branchMap":{"0":{"loc":{"start":{"line":15,"column":23},"end":{"line":15,"column":43}},"type":"binary-expr","locations":[{"start":{"line":15,"column":23},"end":{"line":15,"column":33}},{"start":{"line":15,"column":37},"end":{"line":15,"column":43}}],"line":15}},"s":{"0":3,"1":9},"f":{"0":9},"b":{"0":[9,1]},"_coverageSchema":"1a1c01bbd47fc00a2c39e90264f33305004495a9","hash":"849d69640a7cdf2eb3c49eab99e4eca013f215a8"}
,"/Users/hai/Desktop/storefront/src/components/NavBar/NavBar.js": {"path":"/Users/hai/Desktop/storefront/src/components/NavBar/NavBar.js","statementMap":{"0":{"start":{"line":10,"column":18},"end":{"line":57,"column":1}},"1":{"start":{"line":14,"column":6},"end":{"line":14,"column":21}},"2":{"start":{"line":15,"column":38},"end":{"line":15,"column":53}},"3":{"start":{"line":16,"column":22},"end":{"line":18,"column":3}},"4":{"start":{"line":17,"column":4},"end":{"line":17,"column":31}},"5":{"start":{"line":20,"column":21},"end":{"line":22,"column":7}},"6":{"start":{"line":21,"column":37},"end":{"line":21,"column":57}},"7":{"start":{"line":24,"column":2},"end":{"line":56,"column":4}}},"fnMap":{"0":{"name":"(anonymous_0)","decl":{"start":{"line":10,"column":18},"end":{"line":10,"column":19}},"loc":{"start":{"line":10,"column":24},"end":{"line":57,"column":1}},"line":10},"1":{"name":"(anonymous_1)","decl":{"start":{"line":16,"column":22},"end":{"line":16,"column":23}},"loc":{"start":{"line":16,"column":28},"end":{"line":18,"column":3}},"line":16},"2":{"name":"(anonymous_2)","decl":{"start":{"line":21,"column":18},"end":{"line":21,"column":19}},"loc":{"start":{"line":21,"column":37},"end":{"line":21,"column":57}},"line":21}},"branchMap":{"0":{"loc":{"start":{"line":20,"column":21},"end":{"line":22,"column":7}},"type":"cond-expr","locations":[{"start":{"line":21,"column":6},"end":{"line":21,"column":62}},{"start":{"line":22,"column":6},"end":{"line":22,"column":7}}],"line":20}},"s":{"0":2,"1":8,"2":8,"3":8,"4":1,"5":8,"6":6,"7":8},"f":{"0":8,"1":1,"2":6},"b":{"0":[8,0]},"_coverageSchema":"1a1c01bbd47fc00a2c39e90264f33305004495a9","hash":"d76a09b5998587ba220868c5fe75612c671bfcb7"}
,"/Users/hai/Desktop/storefront/src/provider/AppProvider/App.provider.js": {"path":"/Users/hai/Desktop/storefront/src/provider/AppProvider/App.provider.js","statementMap":{"0":{"start":{"line":12,"column":21},"end":{"line":17,"column":1}},"1":{"start":{"line":19,"column":19},"end":{"line":19,"column":34}},"2":{"start":{"line":21,"column":22},"end":{"line":29,"column":1}},"3":{"start":{"line":22,"column":18},"end":{"line":22,"column":40}},"4":{"start":{"line":24,"column":2},"end":{"line":26,"column":3}},"5":{"start":{"line":25,"column":4},"end":{"line":25,"column":71}},"6":{"start":{"line":28,"column":2},"end":{"line":28,"column":17}},"7":{"start":{"line":31,"column":20},"end":{"line":71,"column":1}},"8":{"start":{"line":32,"column":28},"end":{"line":35,"column":4}},"9":{"start":{"line":33,"column":17},"end":{"line":33,"column":45}},"10":{"start":{"line":34,"column":4},"end":{"line":34,"column":50}},"11":{"start":{"line":36,"column":48},"end":{"line":36,"column":65}},"12":{"start":{"line":38,"column":24},"end":{"line":50,"column":3}},"13":{"start":{"line":39,"column":4},"end":{"line":39,"column":38}},"14":{"start":{"line":40,"column":4},"end":{"line":49,"column":9}},"15":{"start":{"line":48,"column":8},"end":{"line":48,"column":53}},"16":{"start":{"line":52,"column":2},"end":{"line":60,"column":9}},"17":{"start":{"line":53,"column":4},"end":{"line":53,"column":20}},"18":{"start":{"line":54,"column":4},"end":{"line":59,"column":6}},"19":{"start":{"line":55,"column":6},"end":{"line":58,"column":9}},"20":{"start":{"line":55,"column":36},"end":{"line":58,"column":7}},"21":{"start":{"line":57,"column":28},"end":{"line":57,"column":59}},"22":{"start":{"line":62,"column":2},"end":{"line":64,"column":14}},"23":{"start":{"line":63,"column":4},"end":{"line":63,"column":56}},"24":{"start":{"line":66,"column":2},"end":{"line":70,"column":4}}},"fnMap":{"0":{"name":"(anonymous_0)","decl":{"start":{"line":21,"column":22},"end":{"line":21,"column":23}},"loc":{"start":{"line":21,"column":28},"end":{"line":29,"column":1}},"line":21},"1":{"name":"(anonymous_1)","decl":{"start":{"line":31,"column":20},"end":{"line":31,"column":21}},"loc":{"start":{"line":31,"column":31},"end":{"line":71,"column":1}},"line":31},"2":{"name":"(anonymous_2)","decl":{"start":{"line":32,"column":52},"end":{"line":32,"column":53}},"loc":{"start":{"line":32,"column":58},"end":{"line":35,"column":3}},"line":32},"3":{"name":"(anonymous_3)","decl":{"start":{"line":38,"column":24},"end":{"line":38,"column":25}},"loc":{"start":{"line":38,"column":30},"end":{"line":50,"column":3}},"line":38},"4":{"name":"(anonymous_4)","decl":{"start":{"line":47,"column":12},"end":{"line":47,"column":13}},"loc":{"start":{"line":47,"column":26},"end":{"line":49,"column":7}},"line":47},"5":{"name":"(anonymous_5)","decl":{"start":{"line":52,"column":12},"end":{"line":52,"column":13}},"loc":{"start":{"line":52,"column":18},"end":{"line":60,"column":3}},"line":52},"6":{"name":"(anonymous_6)","decl":{"start":{"line":54,"column":33},"end":{"line":54,"column":34}},"loc":{"start":{"line":55,"column":6},"end":{"line":58,"column":9}},"line":55},"7":{"name":"(anonymous_7)","decl":{"start":{"line":55,"column":25},"end":{"line":55,"column":26}},"loc":{"start":{"line":55,"column":36},"end":{"line":58,"column":7}},"line":55},"8":{"name":"(anonymous_8)","decl":{"start":{"line":57,"column":15},"end":{"line":57,"column":16}},"loc":{"start":{"line":57,"column":28},"end":{"line":57,"column":59}},"line":57},"9":{"name":"(anonymous_9)","decl":{"start":{"line":62,"column":12},"end":{"line":62,"column":13}},"loc":{"start":{"line":62,"column":18},"end":{"line":64,"column":3}},"line":62}},"branchMap":{"0":{"loc":{"start":{"line":24,"column":2},"end":{"line":26,"column":3}},"type":"if","locations":[{"start":{"line":24,"column":2},"end":{"line":26,"column":3}},{"start":{"line":24,"column":2},"end":{"line":26,"column":3}}],"line":24},"1":{"loc":{"start":{"line":34,"column":11},"end":{"line":34,"column":49}},"type":"cond-expr","locations":[{"start":{"line":34,"column":18},"end":{"line":34,"column":34}},{"start":{"line":34,"column":37},"end":{"line":34,"column":49}}],"line":34}},"s":{"0":2,"1":2,"2":2,"3":26,"4":25,"5":0,"6":25,"7":2,"8":2,"9":1,"10":1,"11":2,"12":2,"13":1,"14":1,"15":0,"16":2,"17":1,"18":1,"19":7,"20":7,"21":0,"22":2,"23":2,"24":2},"f":{"0":26,"1":2,"2":1,"3":1,"4":0,"5":1,"6":7,"7":7,"8":0,"9":2},"b":{"0":[0,25],"1":[0,1]},"_coverageSchema":"1a1c01bbd47fc00a2c39e90264f33305004495a9","hash":"887ed2f20a3bc0bc5427b6814e4d496f26c3ec71"}
}
