TN:
SF:src/App.js
FN:8,(anonymous_0)
FNF:1
FNH:1
FNDA:1,(anonymous_0)
DA:8,1
DA:9,1
LF:2
LH:2
BRF:0
BRH:0
end_of_record
TN:
SF:src/context.js
FNF:0
FNH:0
LF:0
LH:0
BRF:0
BRH:0
end_of_record
TN:
SF:src/index.js
FNF:0
FNH:0
DA:8,0
LF:1
LH:0
BRF:0
BRH:0
end_of_record
TN:
SF:src/cart/Cart.js
FN:34,(anonymous_0)
FN:40,(anonymous_1)
FN:61,(anonymous_2)
FN:74,(anonymous_3)
FN:79,(anonymous_4)
FN:90,(anonymous_5)
FNF:6
FNH:0
FNDA:0,(anonymous_0)
FNDA:0,(anonymous_1)
FNDA:0,(anonymous_2)
FNDA:0,(anonymous_3)
FNDA:0,(anonymous_4)
FNDA:0,(anonymous_5)
DA:34,1
DA:38,0
DA:39,0
DA:40,0
DA:44,0
DA:62,0
DA:74,0
DA:79,0
DA:90,0
LF:9
LH:1
BRDA:36,0,0,0
BRDA:60,1,0,0
BRDA:60,1,1,0
BRF:3
BRH:0
end_of_record
TN:
SF:src/cart/styled.js
FNF:0
FNH:0
DA:5,1
DA:12,1
DA:34,1
DA:39,1
DA:43,1
DA:60,1
DA:82,1
DA:100,1
DA:113,1
DA:121,1
DA:125,1
DA:128,1
DA:133,1
DA:144,1
LF:14
LH:14
BRF:0
BRH:0
end_of_record
TN:
SF:src/category/Category.js
FN:9,(anonymous_0)
FN:25,(anonymous_1)
FNF:2
FNH:2
FNDA:7,(anonymous_0)
FNDA:10,(anonymous_1)
DA:9,2
DA:12,7
DA:14,7
DA:26,10
LF:4
LH:4
BRDA:19,0,0,1
BRDA:19,0,1,6
BRDA:22,1,0,6
BRDA:22,1,1,6
BRDA:22,1,2,5
BRF:5
BRH:5
end_of_record
TN:
SF:src/category/styled.js
FN:9,(anonymous_0)
FNF:1
FNH:1
FNDA:5,(anonymous_0)
DA:5,2
DA:9,5
LF:2
LH:2
BRF:0
BRH:0
end_of_record
TN:
SF:src/category/CategoryProduct/CategoryOverlay.js
FN:6,(anonymous_0)
FN:17,(anonymous_1)
FN:22,(anonymous_2)
FNF:3
FNH:2
FNDA:12,(anonymous_0)
FNDA:0,(anonymous_1)
FNDA:1,(anonymous_2)
DA:6,2
DA:9,12
DA:11,12
DA:17,0
DA:22,1
LF:5
LH:4
BRDA:13,0,0,12
BRDA:13,0,1,2
BRF:2
BRH:2
end_of_record
TN:
SF:src/category/CategoryProduct/CategoryProduct.js
FN:9,(anonymous_0)
FNF:1
FNH:1
FNDA:12,(anonymous_0)
DA:9,2
DA:10,12
DA:12,12
DA:14,12
LF:4
LH:4
BRF:0
BRH:0
end_of_record
TN:
SF:src/category/CategoryProduct/styled.js
FN:41,(anonymous_0)
FN:46,(anonymous_1)
FNF:2
FNH:2
FNDA:12,(anonymous_0)
FNDA:12,(anonymous_1)
DA:6,2
DA:10,2
DA:17,2
DA:22,2
DA:27,2
DA:32,2
DA:41,12
DA:46,12
DA:49,2
DA:59,2
DA:74,2
LF:11
LH:11
BRDA:41,0,0,2
BRDA:41,0,1,10
BRDA:46,1,0,2
BRDA:46,1,1,10
BRF:4
BRH:4
end_of_record
TN:
SF:src/components/HeroSection/HeroHeader.js
FN:8,(anonymous_0)
FNF:1
FNH:1
FNDA:9,(anonymous_0)
DA:8,3
DA:9,9
LF:2
LH:2
BRDA:15,0,0,9
BRDA:15,0,1,1
BRF:2
BRH:2
end_of_record
TN:
SF:src/components/HeroSection/HeroSection.js
FN:4,(anonymous_0)
FNF:1
FNH:1
FNDA:7,(anonymous_0)
DA:4,2
DA:5,7
LF:2
LH:2
BRF:0
BRH:0
end_of_record
TN:
SF:src/components/HeroSection/styled.js
FNF:0
FNH:0
DA:6,3
DA:12,3
DA:22,3
DA:32,3
DA:38,3
LF:5
LH:5
BRF:0
BRH:0
end_of_record
TN:
SF:src/components/ImageContainer/index.js
FN:4,(anonymous_0)
FN:8,(anonymous_1)
FN:10,(anonymous_2)
FN:11,(anonymous_3)
FNF:4
FNH:4
FNDA:13,(anonymous_0)
FNDA:13,(anonymous_1)
FNDA:13,(anonymous_2)
FNDA:13,(anonymous_3)
DA:3,2
DA:4,13
DA:8,13
DA:10,13
DA:11,13
LF:5
LH:5
BRDA:8,0,0,13
BRDA:8,0,1,0
BRDA:10,1,0,13
BRDA:10,1,1,0
BRDA:11,2,0,1
BRDA:11,2,1,12
BRF:6
BRH:4
end_of_record
TN:
SF:src/components/NavBar/NavBar.js
FN:9,(anonymous_0)
FN:15,(anonymous_1)
FN:20,(anonymous_2)
FNF:3
FNH:3
FNDA:8,(anonymous_0)
FNDA:1,(anonymous_1)
FNDA:6,(anonymous_2)
DA:9,2
DA:13,8
DA:14,8
DA:15,8
DA:16,1
DA:19,8
DA:20,6
DA:23,8
LF:8
LH:8
BRDA:19,0,0,8
BRDA:19,0,1,0
BRF:2
BRH:1
end_of_record
TN:
SF:src/components/NavBar/styled.js
FNF:0
FNH:0
DA:6,2
DA:20,2
LF:2
LH:2
BRF:0
BRH:0
end_of_record
TN:
SF:src/components/NavBar/CartPopup/index.js
FN:18,(anonymous_0)
FN:20,(anonymous_1)
FN:26,(anonymous_2)
FN:36,(anonymous_3)
FN:53,(anonymous_4)
FNF:5
FNH:5
FNDA:8,(anonymous_0)
FNDA:1,(anonymous_1)
FNDA:6,(anonymous_2)
FNDA:1,(anonymous_3)
FNDA:1,(anonymous_4)
DA:18,2
DA:19,8
DA:20,8
DA:21,1
DA:22,0
DA:25,8
DA:26,6
DA:30,8
DA:37,1
DA:53,1
LF:10
LH:9
BRDA:18,0,0,0
BRDA:21,1,0,0
BRDA:21,1,1,1
BRDA:21,2,0,1
BRDA:21,2,1,1
BRDA:30,3,0,1
BRDA:30,3,1,7
BRDA:34,4,0,1
BRDA:34,4,1,1
BRDA:34,4,2,1
BRF:10
BRH:8
end_of_record
TN:
SF:src/components/NavBar/CartPopup/styled.js
FNF:0
FNH:0
DA:5,2
DA:14,2
DA:32,2
DA:41,2
DA:50,2
DA:60,2
DA:72,2
DA:80,2
DA:88,2
DA:96,2
DA:105,2
DA:110,2
DA:121,2
LF:13
LH:13
BRF:0
BRH:0
end_of_record
TN:
SF:src/components/ProductInfoContainer/index.js
FN:14,(anonymous_0)
FNF:1
FNH:1
FNDA:12,(anonymous_0)
DA:5,2
DA:14,2
DA:15,12
LF:3
LH:3
BRF:0
BRH:0
end_of_record
TN:
SF:src/components/layout/BaseSection/index.js
FN:8,(anonymous_0)
FNF:1
FNH:1
FNDA:14,(anonymous_0)
DA:3,3
DA:8,14
LF:2
LH:2
BRDA:8,0,0,0
BRDA:8,0,1,14
BRF:2
BRH:1
end_of_record
TN:
SF:src/components/layout/constant/breakpoints.js
FNF:0
FNH:0
LF:0
LH:0
BRF:0
BRH:0
end_of_record
TN:
SF:src/components/layout/constant/colors.js
FNF:0
FNH:0
LF:0
LH:0
BRF:0
BRH:0
end_of_record
TN:
SF:src/components/layout/constant/index.js
FNF:0
FNH:0
LF:0
LH:0
BRF:0
BRH:0
end_of_record
TN:
SF:src/components/layout/constant/size.js
FNF:0
FNH:0
LF:0
LH:0
BRF:0
BRH:0
end_of_record
TN:
SF:src/hooks/useMouseOnOverLay.js
FN:3,(anonymous_0)
FN:5,(anonymous_1)
FN:8,(anonymous_2)
FNF:3
FNH:2
FNDA:12,(anonymous_0)
FNDA:2,(anonymous_1)
FNDA:0,(anonymous_2)
DA:3,2
DA:4,12
DA:5,12
DA:6,2
DA:8,12
DA:9,0
DA:11,12
LF:7
LH:6
BRF:0
BRH:0
end_of_record
TN:
SF:src/product/Product.js
FN:10,(anonymous_0)
FN:20,(anonymous_1)
FN:21,(anonymous_2)
FN:23,(anonymous_3)
FN:24,(anonymous_4)
FN:27,(anonymous_5)
FNF:6
FNH:0
FNDA:0,(anonymous_0)
FNDA:0,(anonymous_1)
FNDA:0,(anonymous_2)
FNDA:0,(anonymous_3)
FNDA:0,(anonymous_4)
FNDA:0,(anonymous_5)
DA:10,1
DA:11,0
DA:12,0
DA:16,0
DA:18,0
DA:20,0
DA:21,0
DA:23,0
DA:24,0
DA:27,0
DA:28,0
DA:31,0
LF:12
LH:1
BRDA:24,0,0,0
BRDA:24,0,1,0
BRDA:28,1,0,0
BRDA:28,1,1,0
BRDA:38,2,0,0
BRDA:38,2,1,0
BRF:6
BRH:0
end_of_record
TN:
SF:src/product/styled.js
FN:49,(anonymous_0)
FNF:1
FNH:0
FNDA:0,(anonymous_0)
DA:5,1
DA:37,1
DA:45,1
DA:49,0
LF:4
LH:3
BRF:0
BRH:0
end_of_record
TN:
SF:src/product/BreadCrumb/index.js
FN:5,(anonymous_0)
FNF:1
FNH:0
FNDA:0,(anonymous_0)
DA:5,1
DA:6,0
LF:2
LH:1
BRF:0
BRH:0
end_of_record
TN:
SF:src/product/BreadCrumb/styled.js
FNF:0
FNH:0
DA:5,1
DA:15,1
LF:2
LH:2
BRF:0
BRH:0
end_of_record
TN:
SF:src/product/ProductDetails/index.js
FN:19,(anonymous_0)
FN:39,(anonymous_1)
FNF:2
FNH:0
FNDA:0,(anonymous_0)
FNDA:0,(anonymous_1)
DA:19,1
DA:20,0
DA:21,0
DA:22,0
DA:39,0
LF:5
LH:1
BRF:0
BRH:0
end_of_record
TN:
SF:src/product/ProductDetails/styled.js
FNF:0
FNH:0
DA:5,1
DA:12,1
DA:17,1
DA:28,1
DA:35,1
DA:42,1
DA:53,1
DA:62,1
DA:72,1
DA:80,1
DA:88,1
LF:11
LH:11
BRF:0
BRH:0
end_of_record
TN:
SF:src/provider/AppProvider/App.actions.js
FN:1,(anonymous_0)
FN:1,(anonymous_1)
FN:3,(anonymous_2)
FN:3,(anonymous_3)
FN:5,(anonymous_4)
FN:5,(anonymous_5)
FN:7,(anonymous_6)
FN:7,(anonymous_7)
FN:9,(anonymous_8)
FN:9,(anonymous_9)
FN:12,(anonymous_10)
FN:12,(anonymous_11)
FN:17,(anonymous_12)
FN:17,(anonymous_13)
FNF:14
FNH:2
FNDA:1,(anonymous_0)
FNDA:1,(anonymous_1)
FNDA:0,(anonymous_2)
FNDA:0,(anonymous_3)
FNDA:0,(anonymous_4)
FNDA:0,(anonymous_5)
FNDA:0,(anonymous_6)
FNDA:0,(anonymous_7)
FNDA:0,(anonymous_8)
FNDA:0,(anonymous_9)
FNDA:0,(anonymous_10)
FNDA:0,(anonymous_11)
FNDA:0,(anonymous_12)
FNDA:0,(anonymous_13)
DA:1,2
DA:3,2
DA:4,0
DA:5,2
DA:6,0
DA:7,2
DA:8,0
DA:9,2
DA:10,0
DA:12,2
DA:13,0
DA:17,2
DA:18,0
DA:23,2
LF:14
LH:8
BRF:0
BRH:0
end_of_record
TN:
SF:src/provider/AppProvider/App.provider.js
FN:21,(anonymous_0)
FN:31,(anonymous_1)
FN:32,(anonymous_2)
FN:38,(anonymous_3)
FN:47,(anonymous_4)
FN:52,(anonymous_5)
FN:54,(anonymous_6)
FN:55,(anonymous_7)
FN:57,(anonymous_8)
FN:62,(anonymous_9)
FNF:10
FNH:8
FNDA:27,(anonymous_0)
FNDA:2,(anonymous_1)
FNDA:1,(anonymous_2)
FNDA:1,(anonymous_3)
FNDA:0,(anonymous_4)
FNDA:1,(anonymous_5)
FNDA:7,(anonymous_6)
FNDA:7,(anonymous_7)
FNDA:0,(anonymous_8)
FNDA:2,(anonymous_9)
DA:12,2
DA:19,2
DA:21,2
DA:22,27
DA:24,27
DA:25,0
DA:28,27
DA:31,2
DA:32,2
DA:33,1
DA:34,1
DA:36,2
DA:38,2
DA:39,1
DA:40,1
DA:48,0
DA:52,2
DA:53,1
DA:54,1
DA:55,7
DA:57,0
DA:62,2
DA:63,2
DA:66,2
LF:24
LH:21
BRDA:24,0,0,0
BRDA:24,0,1,27
BRDA:34,1,0,0
BRDA:34,1,1,1
BRF:4
BRH:2
end_of_record
TN:
SF:src/provider/AppProvider/App.reducer.js
FN:1,(anonymous_0)
FN:20,(anonymous_1)
FN:35,(anonymous_2)
FN:42,(anonymous_3)
FN:52,(anonymous_4)
FNF:5
FNH:1
FNDA:1,(anonymous_0)
FNDA:0,(anonymous_1)
FNDA:0,(anonymous_2)
FNDA:0,(anonymous_3)
FNDA:0,(anonymous_4)
DA:1,2
DA:2,1
DA:3,1
DA:4,1
DA:6,1
DA:9,0
DA:12,0
DA:15,0
DA:18,0
DA:19,0
DA:20,0
DA:22,0
DA:23,0
DA:27,0
DA:29,0
DA:31,0
DA:34,0
DA:35,0
DA:37,0
DA:40,0
DA:41,0
DA:42,0
DA:45,0
DA:47,0
DA:50,0
DA:51,0
DA:52,0
DA:55,0
DA:57,0
DA:60,0
LF:30
LH:5
BRDA:4,0,0,1
BRDA:4,0,1,0
BRDA:4,0,2,0
BRDA:4,0,3,0
BRDA:4,0,4,0
BRDA:4,0,5,0
BRDA:4,0,6,0
BRDA:4,0,7,0
BRDA:4,0,8,0
BRDA:22,1,0,0
BRDA:22,1,1,0
BRF:11
BRH:1
end_of_record
