TN:
SF:src/App.js
FN:8,(anonymous_0)
FNF:1
FNH:1
FNDA:1,(anonymous_0)
DA:8,1
DA:9,1
LF:2
LH:2
BRF:0
BRH:0
end_of_record
TN:
SF:src/context.js
FNF:0
FNH:0
LF:0
LH:0
BRF:0
BRH:0
end_of_record
TN:
SF:src/category/Category.js
FN:9,(anonymous_0)
FN:26,(anonymous_1)
FN:31,(anonymous_2)
FNF:3
FNH:2
FNDA:8,(anonymous_0)
FNDA:10,(anonymous_1)
FNDA:0,(anonymous_2)
DA:9,2
DA:13,8
DA:15,7
DA:27,10
DA:32,0
LF:5
LH:4
BRDA:20,0,0,1
BRDA:20,0,1,6
BRDA:23,1,0,6
BRDA:23,1,1,6
BRDA:23,1,2,5
BRF:5
BRH:5
end_of_record
TN:
SF:src/components/HeroSection/HeroHeader.js
FN:8,(anonymous_0)
FNF:1
FNH:1
FNDA:9,(anonymous_0)
DA:8,3
DA:9,9
LF:2
LH:2
BRDA:15,0,0,9
BRDA:15,0,1,1
BRF:2
BRH:2
end_of_record
TN:
SF:src/components/NavBar/NavBar.js
FN:10,(anonymous_0)
FN:16,(anonymous_1)
FN:21,(anonymous_2)
FNF:3
FNH:3
FNDA:8,(anonymous_0)
FNDA:1,(anonymous_1)
FNDA:6,(anonymous_2)
DA:10,2
DA:14,8
DA:15,8
DA:16,8
DA:17,1
DA:20,8
DA:21,6
DA:24,8
LF:8
LH:8
BRDA:20,0,0,8
BRDA:20,0,1,0
BRF:2
BRH:1
end_of_record
TN:
SF:src/provider/AppProvider/App.provider.js
FN:21,(anonymous_0)
FN:31,(anonymous_1)
FN:32,(anonymous_2)
FN:38,(anonymous_3)
FN:47,(anonymous_4)
FN:52,(anonymous_5)
FN:54,(anonymous_6)
FN:55,(anonymous_7)
FN:57,(anonymous_8)
FN:62,(anonymous_9)
FNF:10
FNH:8
FNDA:26,(anonymous_0)
FNDA:2,(anonymous_1)
FNDA:1,(anonymous_2)
FNDA:1,(anonymous_3)
FNDA:0,(anonymous_4)
FNDA:1,(anonymous_5)
FNDA:7,(anonymous_6)
FNDA:7,(anonymous_7)
FNDA:0,(anonymous_8)
FNDA:2,(anonymous_9)
DA:12,2
DA:19,2
DA:21,2
DA:22,26
DA:24,25
DA:25,0
DA:28,25
DA:31,2
DA:32,2
DA:33,1
DA:34,1
DA:36,2
DA:38,2
DA:39,1
DA:40,1
DA:48,0
DA:52,2
DA:53,1
DA:54,1
DA:55,7
DA:57,0
DA:62,2
DA:63,2
DA:66,2
LF:24
LH:21
BRDA:24,0,0,0
BRDA:24,0,1,25
BRDA:34,1,0,0
BRDA:34,1,1,1
BRF:4
BRH:2
end_of_record
